Killing 1 from (0, 3)
Killing 1 from (1, 3)
Killing 1 from (2, 3)
Killing 1 from (3, 3)
Killing 1 from (4, 3)
Killing 1 from (5, 3)
Killing 1 from (6, 3)
Killing 1 from (6, 4)
Killing 1 from (6, 5)
Killing 1 from (7, 0)
Killing 1 from (7, 1)
Killing 1 from (7, 2)
Killing 1 from (7, 4)
Killing 1 from (7, 5)
Killing 1 from (7, 6)
Killing 1 from (7, 7)
Killing 1 from (7, 8)
Killing 1 from (8, 3)
Killing 1 from (8, 4)
Killing 1 from (8, 5)
Assigning (7, 3) 1
Killing 2 from (0, 3)
Killing 2 from (0, 4)
Killing 2 from (0, 5)
Killing 2 from (1, 0)
Killing 2 from (1, 1)
Killing 2 from (1, 2)
Killing 2 from (1, 4)
Killing 2 from (1, 5)
Killing 2 from (1, 6)
Killing 2 from (1, 7)
Killing 2 from (1, 8)
Killing 2 from (2, 3)
Killing 2 from (2, 4)
Killing 2 from (2, 5)
Killing 2 from (3, 3)
Killing 2 from (4, 3)
Killing 2 from (5, 3)
Killing 2 from (6, 3)
Killing 2 from (8, 3)
Assigning (1, 3) 2
Killing 3 from (0, 0)
Killing 3 from (0, 1)
Killing 3 from (0, 2)
Killing 3 from (0, 4)
Killing 3 from (0, 5)
Killing 3 from (0, 6)
Killing 3 from (0, 7)
Killing 3 from (0, 8)
Killing 3 from (1, 4)
Killing 3 from (1, 5)
Killing 3 from (2, 3)
Killing 3 from (2, 4)
Killing 3 from (2, 5)
Killing 3 from (3, 3)
Killing 3 from (4, 3)
Killing 3 from (5, 3)
Killing 3 from (6, 3)
Killing 3 from (8, 3)
Assigning (0, 3) 3
Killing 4 from (2, 3)
Killing 4 from (3, 0)
Killing 4 from (3, 1)
Killing 4 from (3, 2)
Killing 4 from (3, 4)
Killing 4 from (3, 5)
Killing 4 from (3, 6)
Killing 4 from (3, 7)
Killing 4 from (3, 8)
Killing 4 from (4, 3)
Killing 4 from (4, 4)
Killing 4 from (4, 5)
Killing 4 from (5, 3)
Killing 4 from (5, 4)
Killing 4 from (5, 5)
Killing 4 from (6, 3)
Killing 4 from (8, 3)
Assigning (3, 3) 4
Killing 5 from (2, 3)
Killing 5 from (4, 3)
Killing 5 from (5, 3)
Killing 5 from (6, 0)
Killing 5 from (6, 1)
Killing 5 from (6, 2)
Killing 5 from (6, 4)
Killing 5 from (6, 5)
Killing 5 from (6, 6)
Killing 5 from (6, 7)
Killing 5 from (6, 8)
Killing 5 from (7, 4)
Killing 5 from (7, 5)
Killing 5 from (8, 3)
Killing 5 from (8, 4)
Killing 5 from (8, 5)
Assigning (6, 3) 5
Killing 6 from (2, 3)
Killing 6 from (3, 4)
Killing 6 from (3, 5)
Killing 6 from (4, 3)
Killing 6 from (4, 4)
Killing 6 from (4, 5)
Killing 6 from (5, 0)
Killing 6 from (5, 1)
Killing 6 from (5, 2)
Killing 6 from (5, 4)
Killing 6 from (5, 5)
Killing 6 from (5, 6)
Killing 6 from (5, 7)
Killing 6 from (5, 8)
Killing 6 from (8, 3)
Assigning (5, 3) 6
Killing 7 from (0, 4)
Killing 7 from (0, 5)
Killing 7 from (1, 4)
Killing 7 from (1, 5)
Killing 7 from (2, 0)
Killing 7 from (2, 1)
Killing 7 from (2, 2)
Killing 7 from (2, 4)
Killing 7 from (2, 5)
Killing 7 from (2, 6)
Killing 7 from (2, 7)
Killing 7 from (2, 8)
Killing 7 from (4, 3)
Killing 7 from (8, 3)
Assigning (2, 3) 7
Killing 8 from (4, 3)
Killing 8 from (6, 4)
Killing 8 from (6, 5)
Killing 8 from (7, 4)
Killing 8 from (7, 5)
Killing 8 from (8, 0)
Killing 8 from (8, 1)
Killing 8 from (8, 2)
Killing 8 from (8, 4)
Killing 8 from (8, 5)
Killing 8 from (8, 6)
Killing 8 from (8, 7)
Killing 8 from (8, 8)
Assigning (8, 3) 8
mac: Killing 9 from (4, 7)
mac: Killing 9 from (4, 8)
mac: Killing 9 from (5, 4)
mac: Killing 9 from (4, 0)
mac: Killing 9 from (4, 4)
mac: Killing 9 from (4, 1)
mac: Killing 9 from (4, 5)
mac: Killing 9 from (5, 5)
mac: Killing 9 from (4, 2)
mac: Killing 9 from (3, 5)
mac: Killing 9 from (4, 6)
mac: Killing 9 from (3, 4)
Assigning (4, 3) 9
Killing 1 from (0, 4)
Killing 1 from (1, 4)
Killing 1 from (2, 4)
Killing 1 from (3, 4)
Killing 1 from (3, 5)
Killing 1 from (4, 4)
Killing 1 from (4, 5)
Killing 1 from (5, 0)
Killing 1 from (5, 1)
Killing 1 from (5, 2)
Killing 1 from (5, 5)
Killing 1 from (5, 6)
Killing 1 from (5, 7)
Killing 1 from (5, 8)
Assigning (5, 4) 1
Killing 2 from (3, 4)
Killing 2 from (3, 5)
Killing 2 from (4, 0)
Killing 2 from (4, 1)
Killing 2 from (4, 2)
Killing 2 from (4, 5)
Killing 2 from (4, 6)
Killing 2 from (4, 7)
Killing 2 from (4, 8)
Killing 2 from (5, 5)
Killing 2 from (6, 4)
Killing 2 from (7, 4)
Killing 2 from (8, 4)
Assigning (4, 4) 2
Killing 3 from (3, 4)
Killing 3 from (3, 5)
Killing 3 from (4, 0)
Killing 3 from (4, 1)
Killing 3 from (4, 2)
Killing 3 from (4, 6)
Killing 3 from (4, 7)
Killing 3 from (4, 8)
Killing 3 from (5, 5)
Killing 3 from (6, 5)
Killing 3 from (7, 5)
Killing 3 from (8, 5)
Assigning (4, 5) 3
Killing 5 from (0, 5)
Killing 5 from (1, 5)
Killing 5 from (2, 5)
Killing 5 from (3, 4)
Killing 5 from (3, 5)
Killing 5 from (5, 0)
Killing 5 from (5, 1)
Killing 5 from (5, 2)
Killing 5 from (5, 6)
Killing 5 from (5, 7)
Killing 5 from (5, 8)
Assigning (5, 5) 5
Killing 7 from (3, 0)
Killing 7 from (3, 1)
Killing 7 from (3, 2)
Killing 7 from (3, 4)
Killing 7 from (3, 6)
Killing 7 from (3, 7)
Killing 7 from (3, 8)
Killing 7 from (6, 5)
Killing 7 from (7, 5)
Killing 7 from (8, 5)
Assigning (3, 5) 7
mac: Killing 8 from (3, 0)
mac: Killing 8 from (3, 7)
mac: Killing 8 from (3, 6)
mac: Killing 8 from (3, 2)
mac: Killing 8 from (0, 4)
mac: Killing 8 from (1, 4)
mac: Killing 8 from (3, 1)
mac: Killing 8 from (2, 4)
mac: Killing 8 from (3, 8)
Assigning (3, 4) 8
Killing 2 from (6, 5)
Killing 2 from (7, 5)
Killing 2 from (8, 0)
Killing 2 from (8, 1)
Killing 2 from (8, 2)
Killing 2 from (8, 6)
Killing 2 from (8, 7)
Killing 2 from (8, 8)
Assigning (8, 5) 2
Killing 4 from (0, 5)
Killing 4 from (1, 5)
Killing 4 from (2, 5)
Killing 4 from (6, 4)
Killing 4 from (6, 5)
Killing 4 from (7, 0)
Killing 4 from (7, 1)
Killing 4 from (7, 2)
Killing 4 from (7, 4)
Killing 4 from (7, 6)
Killing 4 from (7, 7)
Killing 4 from (7, 8)
Killing 4 from (8, 4)
Assigning (7, 5) 4
Killing 6 from (0, 5)
Killing 6 from (1, 5)
Killing 6 from (2, 5)
Killing 6 from (6, 0)
Killing 6 from (6, 1)
Killing 6 from (6, 2)
Killing 6 from (6, 4)
Killing 6 from (6, 6)
Killing 6 from (6, 7)
Killing 6 from (6, 8)
Killing 6 from (7, 4)
Killing 6 from (8, 4)
Assigning (6, 5) 6
Killing 1 from (0, 5)
Killing 1 from (1, 5)
Killing 1 from (2, 0)
Killing 1 from (2, 1)
Killing 1 from (2, 2)
Killing 1 from (2, 6)
Killing 1 from (2, 7)
Killing 1 from (2, 8)
Assigning (2, 5) 1
Killing 8 from (0, 5)
Killing 8 from (1, 0)
Killing 8 from (1, 1)
Killing 8 from (1, 2)
Killing 8 from (1, 6)
Killing 8 from (1, 7)
Killing 8 from (1, 8)
Assigning (1, 5) 8
mac: Killing 9 from (0, 7)
mac: Killing 9 from (0, 6)
mac: Killing 9 from (0, 0)
mac: Killing 9 from (0, 4)
mac: Killing 9 from (1, 4)
mac: Killing 9 from (0, 8)
mac: Killing 9 from (0, 1)
mac: Killing 9 from (2, 4)
mac: Killing 9 from (0, 2)
Assigning (0, 5) 9
Killing 3 from (6, 4)
Killing 3 from (7, 0)
Killing 3 from (7, 1)
Killing 3 from (7, 2)
Killing 3 from (7, 6)
Killing 3 from (7, 7)
Killing 3 from (7, 8)
Killing 3 from (8, 4)
Assigning (7, 4) 3
Killing 7 from (6, 0)
Killing 7 from (6, 1)
Killing 7 from (6, 2)
Killing 7 from (6, 6)
Killing 7 from (6, 7)
Killing 7 from (6, 8)
Killing 7 from (8, 4)
Assigning (6, 4) 7
mac: Killing 9 from (8, 0)
mac: Killing 9 from (8, 1)
mac: Killing 9 from (8, 8)
mac: Killing 9 from (8, 7)
mac: Killing 9 from (8, 2)
mac: Killing 9 from (8, 6)
Assigning (8, 4) 9
Killing 4 from (0, 0)
Killing 4 from (0, 1)
Killing 4 from (0, 2)
Killing 4 from (0, 6)
Killing 4 from (0, 7)
Killing 4 from (0, 8)
Killing 4 from (1, 4)
Killing 4 from (2, 4)
Assigning (0, 4) 4
Killing 5 from (1, 0)
Killing 5 from (1, 1)
Killing 5 from (1, 2)
Killing 5 from (1, 6)
Killing 5 from (1, 7)
Killing 5 from (1, 8)
Killing 5 from (2, 4)
Assigning (1, 4) 5
mac: Killing 6 from (2, 8)
mac: Killing 6 from (2, 6)
mac: Killing 6 from (2, 2)
mac: Killing 6 from (2, 7)
mac: Killing 6 from (2, 1)
mac: Killing 6 from (2, 0)
Assigning (2, 4) 6
Killing 1 from (0, 7)
Killing 1 from (1, 7)
Killing 1 from (3, 6)
Killing 1 from (3, 7)
Killing 1 from (3, 8)
Killing 1 from (4, 0)
Killing 1 from (4, 1)
Killing 1 from (4, 2)
Killing 1 from (4, 6)
Killing 1 from (4, 8)
Killing 1 from (6, 7)
Killing 1 from (8, 7)
Assigning (4, 7) 1
Killing 4 from (1, 8)
Killing 4 from (2, 8)
Killing 4 from (4, 0)
Killing 4 from (4, 1)
Killing 4 from (4, 2)
Killing 4 from (4, 6)
Killing 4 from (5, 6)
Killing 4 from (5, 7)
Killing 4 from (5, 8)
Killing 4 from (6, 8)
Killing 4 from (8, 8)
Assigning (4, 8) 4
Killing 5 from (0, 0)
Killing 5 from (2, 0)
Killing 5 from (3, 0)
Killing 5 from (3, 1)
Killing 5 from (3, 2)
Killing 5 from (4, 1)
Killing 5 from (4, 2)
Killing 5 from (4, 6)
Killing 5 from (7, 0)
Killing 5 from (8, 0)
Assigning (4, 0) 5
Killing 6 from (0, 1)
Killing 6 from (1, 1)
Killing 6 from (3, 0)
Killing 6 from (3, 1)
Killing 6 from (3, 2)
Killing 6 from (4, 2)
Killing 6 from (4, 6)
Killing 6 from (7, 1)
Killing 6 from (8, 1)
Assigning (4, 1) 6
Killing 7 from (0, 2)
Killing 7 from (1, 2)
Killing 7 from (4, 6)
Killing 7 from (5, 0)
Killing 7 from (5, 1)
Killing 7 from (5, 2)
Killing 7 from (7, 2)
Killing 7 from (8, 2)
Assigning (4, 2) 7
mac: Killing 8 from (5, 6)
mac: Killing 8 from (2, 6)
mac: Killing 8 from (5, 8)
mac: Killing 8 from (0, 6)
mac: Killing 8 from (7, 6)
mac: Killing 8 from (5, 7)
mac: Killing 8 from (6, 6)
Assigning (4, 6) 8
Killing 1 from (0, 0)
Killing 1 from (1, 0)
Killing 1 from (3, 1)
Killing 1 from (3, 2)
Killing 1 from (6, 0)
Killing 1 from (8, 0)
Assigning (3, 0) 1
Killing 2 from (0, 2)
Killing 2 from (2, 2)
Killing 2 from (3, 1)
Killing 2 from (3, 6)
Killing 2 from (3, 7)
Killing 2 from (3, 8)
Killing 2 from (5, 0)
Killing 2 from (5, 1)
Killing 2 from (5, 2)
Killing 2 from (6, 2)
Killing 2 from (7, 2)
Assigning (3, 2) 2
Killing 3 from (1, 1)
Killing 3 from (2, 1)
Killing 3 from (3, 6)
Killing 3 from (3, 7)
Killing 3 from (3, 8)
Killing 3 from (5, 0)
Killing 3 from (5, 1)
Killing 3 from (5, 2)
Killing 3 from (6, 1)
Killing 3 from (8, 1)
Assigning (3, 1) 3
Killing 4 from (1, 1)
Killing 4 from (2, 1)
Killing 4 from (5, 0)
Killing 4 from (5, 2)
Killing 4 from (6, 1)
Killing 4 from (8, 1)
Assigning (5, 1) 4
Killing 8 from (0, 0)
Killing 8 from (2, 0)
Killing 8 from (5, 2)
Killing 8 from (6, 0)
Killing 8 from (7, 0)
Assigning (5, 0) 8
mac: Killing 9 from (5, 6)
mac: Killing 9 from (5, 8)
mac: Killing 9 from (1, 2)
mac: Killing 9 from (7, 2)
mac: Killing 9 from (2, 2)
mac: Killing 9 from (5, 7)
mac: Killing 9 from (6, 2)
Assigning (5, 2) 9
Killing 2 from (0, 6)
Killing 2 from (2, 6)
Killing 2 from (5, 7)
Killing 2 from (5, 8)
Killing 2 from (6, 6)
Killing 2 from (7, 6)
Assigning (5, 6) 2
Killing 3 from (1, 8)
Killing 3 from (2, 8)
Killing 3 from (5, 7)
Killing 3 from (6, 8)
Killing 3 from (8, 8)
Assigning (5, 8) 3
mac: Killing 7 from (0, 7)
mac: Killing 7 from (7, 7)
mac: Killing 7 from (8, 7)
mac: Killing 7 from (1, 7)
Assigning (5, 7) 7
Killing 5 from (0, 7)
Killing 5 from (2, 7)
Killing 5 from (3, 6)
Killing 5 from (3, 8)
Killing 5 from (7, 7)
Killing 5 from (8, 7)
Assigning (3, 7) 5
Killing 6 from (0, 6)
Killing 6 from (1, 6)
Killing 6 from (3, 8)
Killing 6 from (7, 6)
Killing 6 from (8, 6)
Assigning (3, 6) 6
mac: Killing 9 from (2, 8)
mac: Killing 9 from (7, 8)
mac: Killing 9 from (6, 8)
mac: Killing 9 from (1, 8)
Assigning (3, 8) 9
Killing 2 from (0, 7)
Killing 2 from (0, 8)
Killing 2 from (2, 0)
Killing 2 from (2, 1)
Killing 2 from (2, 7)
Killing 2 from (6, 8)
Killing 2 from (7, 8)
Assigning (2, 8) 2
Killing 6 from (0, 0)
Killing 6 from (0, 2)
Killing 6 from (0, 8)
Killing 6 from (1, 7)
Killing 6 from (1, 8)
Killing 6 from (7, 7)
Killing 6 from (8, 7)
Assigning (0, 7) 6
Killing 2 from (0, 1)
Killing 2 from (6, 0)
Killing 2 from (7, 0)
Assigning (0, 0) 2
Killing 3 from (1, 7)
Killing 3 from (2, 7)
Killing 3 from (6, 6)
Killing 3 from (6, 7)
Killing 3 from (8, 0)
Killing 3 from (8, 2)
Killing 3 from (8, 6)
Assigning (8, 7) 3
Killing 1 from (0, 8)
Killing 1 from (1, 8)
Killing 1 from (6, 1)
Killing 1 from (6, 2)
Killing 1 from (6, 6)
Killing 1 from (8, 6)
Killing 1 from (8, 8)
Assigning (6, 8) 1
mac: Killing 7 from (7, 8)
mac: Killing 7 from (1, 6)
mac: Killing 7 from (0, 6)
mac: Killing 7 from (8, 8)
mac: Killing 7 from (1, 1)
mac: Killing 7 from (1, 0)
mac: Killing 7 from (0, 8)
Assigning (1, 8) 7
Killing 1 from (0, 1)
Killing 1 from (0, 2)
Killing 1 from (1, 6)
Assigning (0, 6) 1
Killing 5 from (0, 8)
Killing 5 from (7, 6)
Killing 5 from (7, 8)
Killing 5 from (8, 1)
Killing 5 from (8, 2)
Killing 5 from (8, 6)
Assigning (8, 8) 5
mac: Killing 8 from (7, 8)
mac: Killing 6 from (7, 2)
mac: Killing 8 from (2, 7)
mac: Killing 8 from (0, 1)
mac: Killing 6 from (7, 0)
mac: Killing 8 from (0, 2)
Assigning (7, 8) 6
mac: Killing 5 from (7, 2)
mac: Killing 5 from (2, 2)
mac: Killing 8 from (2, 2)
mac: Killing 8 from (7, 7)
mac: Killing 8 from (7, 1)
mac: Killing 5 from (2, 1)
mac: Killing 5 from (0, 1)
mac: Killing 8 from (6, 1)
mac: Killing 8 from (6, 2)
Assigning (7, 2) 8
mac: Killing 7 from (8, 1)
mac: Killing 1 from (1, 1)
mac: Killing 7 from (7, 1)
mac: Killing 9 from (7, 1)
mac: Killing 9 from (2, 1)
mac: Killing 9 from (1, 0)
mac: Killing 9 from (6, 1)
mac: Killing 1 from (8, 2)
mac: Killing 9 from (2, 0)
mac: Killing 9 from (1, 7)
Assigning (8, 1) 1
mac: Killing 4 from (2, 6)
mac: Killing 9 from (1, 6)
mac: Killing 4 from (1, 6)
mac: Killing 3 from (1, 2)
mac: Killing 4 from (1, 2)
mac: Killing 4 from (2, 7)
mac: Killing 2 from (7, 1)
mac: Killing 3 from (1, 0)
mac: Killing 4 from (1, 0)
mac: Killing 4 from (6, 7)
mac: Killing 9 from (6, 7)
mac: Killing 2 from (6, 7)
Killing 3 from (2, 6)
Assigning (1, 6) 3
mac: Killing 6 from (8, 0)
mac: Killing 9 from (2, 6)
mac: Killing 6 from (1, 2)
mac: Killing 9 from (7, 7)
Assigning (2, 6) 5
Assigning (1, 2) 1
Assigning (7, 7) 2
Assigning (1, 1) 9
Assigning (2, 7) 9
Assigning (7, 1) 5
Assigning (2, 1) 8
Assigning (1, 0) 6
Assigning (0, 8) 8
Assigning (0, 1) 7
Assigning (6, 7) 8
Assigning (6, 1) 2
Assigning (1, 7) 4
Assigning (0, 2) 5
Killing 4 from (2, 0)
Killing 4 from (6, 0)
Killing 4 from (6, 2)
Killing 4 from (8, 2)
Killing 4 from (8, 6)
Assigning (8, 0) 4
mac: Killing 7 from (7, 6)
mac: Killing 3 from (2, 2)
mac: Killing 9 from (6, 6)
mac: Killing 3 from (6, 0)
mac: Killing 9 from (7, 0)
Assigning (7, 6) 9
Assigning (2, 2) 4
Assigning (6, 6) 4
Assigning (6, 0) 9
Assigning (7, 0) 7
Assigning (8, 2) 6
Assigning (2, 0) 3
Assigning (6, 2) 3
Assigning (8, 6) 7
275349168
691258347
384761592
132487659
567923814
849615273
923576481
758134926
416892735

